{"level":"warn","message":"Failed to login attempt for 12345678"}
{"level":"warn","message":"Failed to login attempt unkown user with 12345678"}
{"level":"info","message":"Login attempt for admmin@example.com successful"}
{"level":"info","message":"Login attempt for admmin@example.com successful"}
{"level":"info","message":"Login attempt for admmin@example.com successful"}
{"level":"info","message":"Login attempt for admmin@example.com successful"}
{"level":"info","message":"Login attempt for admmin@example.com successful"}
{"level":"info","message":"Login attempt for shoper@example.com successful"}
{"level":"info","message":"Login attempt for admmin@example.com successful"}
{"level":"info","message":"Login attempt for admmin@example.com successful"}
{"level":"info","message":"Login attempt for shoper@example.com successful"}
{"level":"info","message":"new user signup with email johndoe@example.com sucesful"}
{"level":"info","message":"new user signup with email johndoe@example.com sucesful"}
{"level":"info","message":"Login attempt for shoper@example.com successful"}
{"level":"info","message":"Login attempt for shoper@example.com successful"}
{"level":"info","message":"Login attempt for shoper@example.com successful"}
{"level":"info","message":"Login attempt for shoper@example.com successful"}
{"level":"info","message":"Login attempt for shoper@example.com successful"}
{"level":"info","message":"Login attempt for shoper@example.com successful"}
{"level":"info","message":"Login attempt for shoper@example.com successful"}
{"level":"info","message":"Login attempt for shoper@example.com successful"}
{"level":"info","message":"Login attempt for shoper@example.com successful"}
{"level":"info","message":"Login attempt for shoper@example.com successful"}
{"level":"info","message":"Login attempt for shoper@example.com successful"}
{"level":"info","message":"Login attempt for shoper@example.com successful"}
{"level":"info","message":"Login attempt for shoper@example.com successful"}
{"level":"info","message":"Login attempt for shoper@example.com successful"}
{"level":"info","message":"Login attempt for shoper@example.com successful"}
{"level":"info","message":"Login attempt for shoper@example.com successful"}
{"level":"info","message":"Login attempt for shoper@example.com successful"}
{"level":"info","message":"Login attempt for shoper@example.com successful"}
{"level":"info","message":"Login attempt for shoper@example.com successful"}
{"level":"info","message":"Login attempt for shoper@example.com successful"}
{"level":"info","message":"Login attempt for shoper@example.com successful"}
{"level":"info","message":"Login attempt for shoper@example.com successful"}
{"level":"info","message":"Login attempt for shoper@example.com successful"}
{"level":"info","message":"Login attempt for shoper@example.com successful"}
{"level":"info","message":"Login attempt for shoper@example.com successful"}
{"level":"info","message":"Login attempt for shoper@example.com successful"}
{"level":"info","message":"new user signup with email johndoe@example.com sucesful"}
{"level":"info","message":"Login attempt for shoper@example.com successful"}
{"level":"info","message":"new user signup with email hanan@example.com sucesful"}
{"level":"info","message":"new user signup with email hanan@example.com sucesful"}
{"level":"info","message":"new user signup with email hanan@example.com sucesful"}
{"level":"info","message":"new user signup with email hanan@example.com sucesful"}
{"level":"info","message":"new user signup with email hanan@example.com sucesful"}
{"level":"info","message":"new user signup with email hanan@example.com sucesful"}
{"level":"info","message":"new user signup with email hanan@example.com sucesful"}
{"level":"info","message":"new user signup with email hanan@example.com sucesful"}
{"level":"info","message":"new user signup with email johndoe@example.com sucesful"}
{"level":"info","message":"Login attempt for johndoe@example.com successful"}
{"level":"info","message":"Login attempt for johndoe@example.com successful"}
{"level":"info","message":"Login attempt for johndoe@example.com successful"}
{"level":"info","message":"Login attempt for johndoe@example.com successful"}
{"level":"info","message":"Login attempt for shoper@example.com successful"}
{"level":"info","message":"Login attempt for shoper@example.com successful"}
{"level":"info","message":"Login attempt for shoper@example.com successful"}
{"level":"info","message":"Login attempt for hanan@example.com successful"}
{"level":"info","message":"Login attempt for hanan@example.com successful"}
{"level":"info","message":"Login attempt for hanan@example.com successful"}
{"level":"info","message":"Login attempt for hanan@example.com successful"}
{"level":"info","message":"Login attempt for hanan@example.com successful"}
{"level":"info","message":"Login attempt for shoper@example.com successful"}
{"level":"info","message":"Login attempt for shoper@example.com successful"}
{"level":"info","message":"Login attempt for shoper@example.com successful"}
{"level":"info","message":"Login attempt for shoper@example.com successful"}
{"level":"info","message":"Login attempt for shoper@example.com successful"}
{"level":"info","message":"Login attempt for shoper@example.com successful"}
